<?xml version="1.0" encoding="UTF-8"?>
<testng-results skipped="0" failed="0" ignored="0" total="2" passed="2">
  <reporter-output>
  </reporter-output>
  <suite name="Default suite" duration-ms="22056" started-at="2020-04-07T16:44:22Z" finished-at="2020-04-07T16:44:44Z">
    <groups>
    </groups>
    <test name="Default test" duration-ms="22056" started-at="2020-04-07T16:44:22Z" finished-at="2020-04-07T16:44:44Z">
      <class name="com.testpack.DemoTest1">
        <test-method status="PASS" signature="launch()[pri:0, instance:com.testpack.DemoTest1@18be83e4]" name="launch" duration-ms="22011" started-at="2020-04-07T16:44:22Z" finished-at="2020-04-07T16:44:44Z">
          <reporter-output>
          </reporter-output>
        </test-method> <!-- launch -->
        <test-method status="PASS" signature="register()[pri:0, instance:com.testpack.DemoTest1@18be83e4]" name="register" duration-ms="13" started-at="2020-04-07T16:44:44Z" finished-at="2020-04-07T16:44:44Z">
          <reporter-output>
          </reporter-output>
        </test-method> <!-- register -->
      </class> <!-- com.testpack.DemoTest1 -->
    </test> <!-- Default test -->
  </suite> <!-- Default suite -->
</testng-results>
